#
# A fatal error has been detected by the Java Runtime Environment:
#
#  EXCEPTION_ACCESS_VIOLATION (0xc0000005) at pc=0x00007ff98163ca61, pid=1280, tid=2060
#
# JRE version: Java(TM) SE Runtime Environment (17.0.1+12) (build 17.0.1+12-LTS-39)
# Java VM: Java HotSpot(TM) 64-Bit Server VM (17.0.1+12-LTS-39, mixed mode, sharing, tiered, compressed oops, compressed class ptrs, g1 gc, windows-amd64)
# Problematic frame:
# V  [jvm.dll+0x1aca61]
#
# No core dump will be written. Minidumps are not enabled by default on client versions of Windows
#
# If you would like to submit a bug report, please visit:
#   https://bugreport.java.com/bugreport/crash.jsp
#

---------------  S U M M A R Y ------------

Command Line: -Dclassworlds.conf=R:\Work\apache-maven-3.8.4\bin\m2.conf -Dmaven.home=R:\Work\apache-maven-3.8.4 -Dlibrary.jansi.path=R:\Work\apache-maven-3.8.4\lib\jansi-native -Dmaven.multiModuleProjectDirectory=R:\SovzachitaTEST org.codehaus.plexus.classworlds.launcher.Launcher clean test

Host: AMD FX-8370 Eight-Core Processor               , 8 cores, 15G,  Windows 10 , 64 bit Build 19041 (10.0.19041.1348)
Time: Tue Nov 23 10:27:12 2021  Windows 10 , 64 bit Build 19041 (10.0.19041.1348) elapsed time: 0.770035 seconds (0d 0h 0m 0s)

---------------  T H R E A D  ---------------

Current thread (0x0000018ee3d6ba40):  GCTaskThread "GC Thread#3" [stack: 0x0000004a73600000,0x0000004a73700000] [id=2060]

Stack: [0x0000004a73600000,0x0000004a73700000],  sp=0x0000004a736ff2a8,  free space=1020k
Native frames: (J=compiled Java code, j=interpreted, Vv=VM code, C=native code)
V  [jvm.dll+0x1aca61]


siginfo: EXCEPTION_ACCESS_VIOLATION (0xc0000005), reading address 0x0000000000000100


Register to memory mapping:

RIP=0x00007ff98163ca61 jvm.dll
RAX=0x0 is NULL
RBX=0x0000000000000001 is an unknown value
RCX=0x0000000800000000 is pointing into metadata
RDX=0x0000000711675dc8 is pointing into object: [I 
{0x0000000711670b70} - klass: {type array int}
 - length: 115318
RSP=0x0000004a736ff2a8 points into unknown readable memory: 0x00007ff98179233c | 3c 23 79 81 f9 7f 00 00
RBP=0x000000000000059b is an unknown value
RSI=0x000000070ff5482c points into unknown readable memory: b9 eb 2c e2
RDI=0x0000000711675dc8 is pointing into object: [I 
{0x0000000711670b70} - klass: {type array int}
 - length: 115318
R8 =0x0 is NULL
R9 =0x0000000800000000 is pointing into metadata
R10=0x0000000711675dc8 is pointing into object: [I 
{0x0000000711670b70} - klass: {type array int}
 - length: 115318
R11=0xfffffffff94691e5 is an unknown value
R12=0x0000018ee3142fd8 points into unknown readable memory: 0x88000d00785582f9 | f9 82 55 78 00 0d 00 88
R13=0x00000000000003d8 is an unknown value
R14=0x0000018ee3d8e890 points into unknown readable memory: 0x00007ff981d83338 | 38 33 d8 81 f9 7f 00 00
R15=0x0000000800000000 is pointing into metadata


Registers:
RAX=0x0000000000000000, RBX=0x0000000000000001, RCX=0x0000000800000000, RDX=0x0000000711675dc8
RSP=0x0000004a736ff2a8, RBP=0x000000000000059b, RSI=0x000000070ff5482c, RDI=0x0000000711675dc8
R8 =0x0000000000000000, R9 =0x0000000800000000, R10=0x0000000711675dc8, R11=0xfffffffff94691e5
R12=0x0000018ee3142fd8, R13=0x00000000000003d8, R14=0x0000018ee3d8e890, R15=0x0000000800000000
RIP=0x00007ff98163ca61, EFLAGS=0x0000000000010246

Top of Stack: (sp=0x0000004a736ff2a8)
0x0000004a736ff2a8:   00007ff98179233c 0000000000000000
0x0000004a736ff2b8:   0000000711775db0 0000000000000001
0x0000004a736ff2c8:   000000070ff1b520 000000070ff54814
0x0000004a736ff2d8:   00007ff981790bf9 0000000000000001
0x0000004a736ff2e8:   0000018ee2290860 00000005622fdf01
0x0000004a736ff2f8:   0000004a736ff358 0000018ee3d8ea10
0x0000004a736ff308:   0000000000000000 0000000000000040
0x0000004a736ff318:   00000000000003d8 0000018ee3142fd8
0x0000004a736ff328:   0000018ee3d8e890 000000070ff5482c
0x0000004a736ff338:   000000000000059b 000000070ff5482d
0x0000004a736ff348:   00007ff981793450 0000000000000000
0x0000004a736ff358:   0000000000000001 0000000000000008
0x0000004a736ff368:   0000000000000000 0000018ee393d260
0x0000004a736ff378:   0000018ee393d298 0000018ee244c2f8
0x0000004a736ff388:   0000018ee244c2c0 0000000000000020
0x0000004a736ff398:   00007ff98179017e 000000000000001b 

Instructions: (pc=0x00007ff98163ca61)
0x00007ff98163c961:   74 32 0f 10 83 f0 02 00 00 48 8b 07 48 8d 54 24
0x00007ff98163c971:   20 48 8b cf 0f 29 44 24 20 ff 50 40 33 c0 48 89
0x00007ff98163c981:   44 24 20 48 89 44 24 28 0f 10 44 24 20 0f 11 83
0x00007ff98163c991:   f0 02 00 00 48 8b 5c 24 40 48 83 c4 30 5f c3 48
0x00007ff98163c9a1:   8b 49 40 48 8b 01 48 ff 60 28 cc cc cc cc cc 80
0x00007ff98163c9b1:   3d 5c bf 93 00 00 48 8b c1 74 1b 8b 51 08 8b 0d
0x00007ff98163c9c1:   f3 48 8d 00 48 d3 e2 48 8b c8 48 03 15 de 48 8d
0x00007ff98163c9d1:   00 e9 19 00 00 00 48 8b 51 08 48 8b c8 e9 0d 00
0x00007ff98163c9e1:   00 00 cc cc cc cc cc cc cc cc cc cc cc cc cc 4c
0x00007ff98163c9f1:   8b ca 48 8b d1 45 8b 41 08 45 85 c0 7e 0e 41 f6
0x00007ff98163ca01:   c0 01 75 56 41 c1 f8 03 41 8b c0 c3 79 4c 80 3d
0x00007ff98163ca11:   fd be 93 00 00 b8 0c 00 00 00 b9 10 00 00 00 0f
0x00007ff98163ca21:   45 c8 8b 05 9b 57 8d 00 ff c8 4c 63 c8 48 63 14
0x00007ff98163ca31:   11 41 8b c8 83 e1 3f 48 d3 e2 41 8b c8 48 c1 f9
0x00007ff98163ca41:   10 0f b6 c1 49 8d 0c 11 49 f7 d1 48 03 c1 49 c1
0x00007ff98163ca51:   e9 03 48 c1 e8 03 41 23 c1 c3 49 8b 01 49 8b c9
0x00007ff98163ca61:   48 ff a0 00 01 00 00 cc cc cc cc cc cc cc cc 48
0x00007ff98163ca71:   83 ec 38 0f 10 02 48 8b 49 40 48 8d 54 24 20 0f
0x00007ff98163ca81:   29 44 24 20 e8 56 f2 ff ff 48 83 c4 38 c3 cc 48
0x00007ff98163ca91:   83 ec 38 0f 10 02 48 8b 01 48 8d 54 24 20 0f 29
0x00007ff98163caa1:   44 24 20 ff 50 38 48 83 c4 38 c3 cc cc cc cc 48
0x00007ff98163cab1:   89 5c 24 08 55 56 57 41 54 41 55 41 56 41 57 48
0x00007ff98163cac1:   8d 6c 24 e0 48 81 ec 20 01 00 00 48 8b 05 a5 44
0x00007ff98163cad1:   90 00 48 33 c4 48 89 45 10 48 8b 05 af b6 92 00
0x00007ff98163cae1:   45 33 ed 4c 8b b5 80 00 00 00 4c 8b fa 48 8b bd
0x00007ff98163caf1:   88 00 00 00 4d 8b c6 49 8b d6 49 8b f1 48 8b 48
0x00007ff98163cb01:   40 48 8b 59 40 49 8b cf c7 45 c0 ff ff ff ff 44
0x00007ff98163cb11:   89 6d d4 4c 89 6d d8 44 88 6d e0 c7 45 e8 ff ff
0x00007ff98163cb21:   ff ff 44 89 6d fc 4c 89 6d 00 44 88 6d 08 e8 bc
0x00007ff98163cb31:   f8 f3 ff 41 b1 01 4c 8d 45 e8 41 8d 55 04 49 8b
0x00007ff98163cb41:   cf e8 39 10 f2 ff 48 8b 05 ea f3 79 00 4c 8d 25
0x00007ff98163cb51:   53 e4 68 00 48 89 44 24 30 4c 8d 44 24 70 0f b6 


Stack slot to memory mapping:
stack at sp + 0 slots: 0x00007ff98179233c jvm.dll
stack at sp + 1 slots: 0x0 is NULL
stack at sp + 2 slots: 0x0000000711775db0 is an oop: java.lang.String 
{0x0000000711775db0} - klass: 'java/lang/String'
 - ---- fields (total size 3 words):
 - private 'hash' 'I' @12  29909350 (1c86166)
 - private final 'coder' 'B' @16  0
 - private 'hashIsZero' 'Z' @17  false
 - private final synchronized 'value' '[B' @20  
[error occurred during error reporting (inspecting top of stack), id 0xc0000005, EXCEPTION_ACCESS_VIOLATION (0xc0000005) at pc=0x00007ff981aec439]


---------------  P R O C E S S  ---------------

Threads class SMR info:
_java_thread_list=0x0000018ee3945280, length=14, elements={
0x0000018ebf73cd60, 0x0000018ee23f6280, 0x0000018ee23f8d10, 0x0000018ee240d750,
0x0000018ee240dc20, 0x0000018ee240e1e0, 0x0000018ee24187c0, 0x0000018ee2421a80,
0x0000018ee2422130, 0x0000018ee2434720, 0x0000018ee30fb1f0, 0x0000018ee30fbb90,
0x0000018ee3918300, 0x0000018ee3955a60
}

Java Threads: ( => current thread )
  0x0000018ebf73cd60 JavaThread "main" [_thread_blocked, id=14804, stack(0x0000004a71f00000,0x0000004a72000000)]
  0x0000018ee23f6280 JavaThread "Reference Handler" daemon [_thread_blocked, id=12496, stack(0x0000004a72600000,0x0000004a72700000)]
  0x0000018ee23f8d10 JavaThread "Finalizer" daemon [_thread_blocked, id=9612, stack(0x0000004a72700000,0x0000004a72800000)]
  0x0000018ee240d750 JavaThread "Signal Dispatcher" daemon [_thread_blocked, id=11700, stack(0x0000004a72800000,0x0000004a72900000)]
  0x0000018ee240dc20 JavaThread "Attach Listener" daemon [_thread_blocked, id=396, stack(0x0000004a72900000,0x0000004a72a00000)]
  0x0000018ee240e1e0 JavaThread "Service Thread" daemon [_thread_blocked, id=8636, stack(0x0000004a72a00000,0x0000004a72b00000)]
  0x0000018ee24187c0 JavaThread "Monitor Deflation Thread" daemon [_thread_blocked, id=14164, stack(0x0000004a72b00000,0x0000004a72c00000)]
  0x0000018ee2421a80 JavaThread "C2 CompilerThread0" daemon [_thread_blocked, id=14856, stack(0x0000004a72c00000,0x0000004a72d00000)]
  0x0000018ee2422130 JavaThread "C1 CompilerThread0" daemon [_thread_blocked, id=6936, stack(0x0000004a72d00000,0x0000004a72e00000)]
  0x0000018ee2434720 JavaThread "Sweeper thread" daemon [_thread_blocked, id=9548, stack(0x0000004a72e00000,0x0000004a72f00000)]
  0x0000018ee30fb1f0 JavaThread "Notification Thread" daemon [_thread_blocked, id=11512, stack(0x0000004a72f00000,0x0000004a73000000)]
  0x0000018ee30fbb90 JavaThread "Common-Cleaner" daemon [_thread_blocked, id=8752, stack(0x0000004a73100000,0x0000004a73200000)]
  0x0000018ee3918300 JavaThread "C2 CompilerThread1" daemon [_thread_blocked, id=16296, stack(0x0000004a73200000,0x0000004a73300000)]
  0x0000018ee3955a60 JavaThread "C2 CompilerThread2" daemon [_thread_blocked, id=2928, stack(0x0000004a73300000,0x0000004a73400000)]

Other Threads:
  0x0000018ee23ef260 VMThread "VM Thread" [stack: 0x0000004a72500000,0x0000004a72600000] [id=5416]
  0x0000018ebf7a9790 WatcherThread [stack: 0x0000004a73000000,0x0000004a73100000] [id=2964]
  0x0000018ebf78c850 GCTaskThread "GC Thread#0" [stack: 0x0000004a72000000,0x0000004a72100000] [id=15412]
  0x0000018ee390acc0 GCTaskThread "GC Thread#1" [stack: 0x0000004a73400000,0x0000004a73500000] [id=3328]
  0x0000018ee311acc0 GCTaskThread "GC Thread#2" [stack: 0x0000004a73500000,0x0000004a73600000] [id=8120]
=>0x0000018ee3d6ba40 GCTaskThread "GC Thread#3" [stack: 0x0000004a73600000,0x0000004a73700000] [id=2060]
  0x0000018ee3d6bcf0 GCTaskThread "GC Thread#4" [stack: 0x0000004a73700000,0x0000004a73800000] [id=12096]
  0x0000018ee3d6bfa0 GCTaskThread "GC Thread#5" [stack: 0x0000004a73800000,0x0000004a73900000] [id=6496]
  0x0000018ebf79d610 ConcurrentGCThread "G1 Main Marker" [stack: 0x0000004a72100000,0x0000004a72200000] [id=6264]
  0x0000018ebf79f430 ConcurrentGCThread "G1 Conc#0" [stack: 0x0000004a72200000,0x0000004a72300000] [id=9388]
  0x0000018ebf8176d0 ConcurrentGCThread "G1 Refine#0" [stack: 0x0000004a72300000,0x0000004a72400000] [id=9384]
  0x0000018ee22b2410 ConcurrentGCThread "G1 Service" [stack: 0x0000004a72400000,0x0000004a72500000] [id=8556]

Threads with active compile tasks:
C2 CompilerThread0      797  941   !   4       sun.nio.cs.StreamDecoder::read0 (116 bytes)
C2 CompilerThread1      798  930   !   4       sun.nio.cs.StreamDecoder::read (196 bytes)
C2 CompilerThread2      798  946       4       java.io.InputStreamReader::read (11 bytes)

VM state: at safepoint (normal execution)

VM Mutex/Monitor currently owned by a thread:  ([mutex/lock_event])
[0x0000018ebf738700] Threads_lock - owner thread: 0x0000018ee23ef260
[0x0000018ebf738940] Heap_lock - owner thread: 0x0000018ebf73cd60

Heap address: 0x0000000701800000, size: 4072 MB, Compressed Oops mode: Zero based, Oop shift amount: 3

CDS archive(s) mapped at: [0x0000000800000000-0x0000000800bc0000-0x0000000800bc0000), size 12320768, SharedBaseAddress: 0x0000000800000000, ArchiveRelocationMode: 0.
Compressed class space mapped at: 0x0000000800c00000-0x0000000840c00000, reserved size: 1073741824
Narrow klass base: 0x0000000800000000, Narrow klass shift: 0, Narrow klass range: 0x100000000

GC Precious Log:
 CPUs: 8 total, 8 available
 Memory: 16283M
 Large Page Support: Disabled
 NUMA Support: Disabled
 Compressed Oops: Enabled (Zero based)
 Heap Region Size: 2M
 Heap Min Capacity: 8M
 Heap Initial Capacity: 256M
 Heap Max Capacity: 4072M
 Pre-touch: Disabled
 Parallel Workers: 8
 Concurrent Workers: 2
 Concurrent Refinement Workers: 8
 Periodic GC: Disabled

Heap:
 garbage-first heap   total 262144K, used 22528K [0x0000000701800000, 0x0000000800000000)
  region size 2048K, 13 young (26624K), 2 survivors (4096K)
 Metaspace       used 4796K, committed 4928K, reserved 1056768K
  class space    used 562K, committed 640K, reserved 1048576K

Heap Regions: E=young(eden), S=young(survivor), O=old, HS=humongous(starts), HC=humongous(continues), CS=collection set, F=free, OA=open archive, CA=closed archive, TAMS=top-at-mark-start (previous, next)
|   0|0x0000000701800000, 0x0000000701800000, 0x0000000701a00000|  0%| F|  |TAMS 0x0000000701800000, 0x0000000701800000| Untracked 
|   1|0x0000000701a00000, 0x0000000701a00000, 0x0000000701c00000|  0%| F|  |TAMS 0x0000000701a00000, 0x0000000701a00000| Untracked 
|   2|0x0000000701c00000, 0x0000000701c00000, 0x0000000701e00000|  0%| F|  |TAMS 0x0000000701c00000, 0x0000000701c00000| Untracked 
|   3|0x0000000701e00000, 0x0000000701e00000, 0x0000000702000000|  0%| F|  |TAMS 0x0000000701e00000, 0x0000000701e00000| Untracked 
|   4|0x0000000702000000, 0x0000000702000000, 0x0000000702200000|  0%| F|  |TAMS 0x0000000702000000, 0x0000000702000000| Untracked 
|   5|0x0000000702200000, 0x0000000702200000, 0x0000000702400000|  0%| F|  |TAMS 0x0000000702200000, 0x0000000702200000| Untracked 
|   6|0x0000000702400000, 0x0000000702400000, 0x0000000702600000|  0%| F|  |TAMS 0x0000000702400000, 0x0000000702400000| Untracked 
|   7|0x0000000702600000, 0x0000000702600000, 0x0000000702800000|  0%| F|  |TAMS 0x0000000702600000, 0x0000000702600000| Untracked 
|   8|0x0000000702800000, 0x0000000702800000, 0x0000000702a00000|  0%| F|  |TAMS 0x0000000702800000, 0x0000000702800000| Untracked 
|   9|0x0000000702a00000, 0x0000000702a00000, 0x0000000702c00000|  0%| F|  |TAMS 0x0000000702a00000, 0x0000000702a00000| Untracked 
|  10|0x0000000702c00000, 0x0000000702c00000, 0x0000000702e00000|  0%| F|  |TAMS 0x0000000702c00000, 0x0000000702c00000| Untracked 
|  11|0x0000000702e00000, 0x0000000702e00000, 0x0000000703000000|  0%| F|  |TAMS 0x0000000702e00000, 0x0000000702e00000| Untracked 
|  12|0x0000000703000000, 0x0000000703000000, 0x0000000703200000|  0%| F|  |TAMS 0x0000000703000000, 0x0000000703000000| Untracked 
|  13|0x0000000703200000, 0x0000000703200000, 0x0000000703400000|  0%| F|  |TAMS 0x0000000703200000, 0x0000000703200000| Untracked 
|  14|0x0000000703400000, 0x0000000703400000, 0x0000000703600000|  0%| F|  |TAMS 0x0000000703400000, 0x0000000703400000| Untracked 
|  15|0x0000000703600000, 0x0000000703600000, 0x0000000703800000|  0%| F|  |TAMS 0x0000000703600000, 0x0000000703600000| Untracked 
|  16|0x0000000703800000, 0x0000000703800000, 0x0000000703a00000|  0%| F|  |TAMS 0x0000000703800000, 0x0000000703800000| Untracked 
|  17|0x0000000703a00000, 0x0000000703a00000, 0x0000000703c00000|  0%| F|  |TAMS 0x0000000703a00000, 0x0000000703a00000| Untracked 
|  18|0x0000000703c00000, 0x0000000703c00000, 0x0000000703e00000|  0%| F|  |TAMS 0x0000000703c00000, 0x0000000703c00000| Untracked 
|  19|0x0000000703e00000, 0x0000000703e00000, 0x0000000704000000|  0%| F|  |TAMS 0x0000000703e00000, 0x0000000703e00000| Untracked 
|  20|0x0000000704000000, 0x0000000704000000, 0x0000000704200000|  0%| F|  |TAMS 0x0000000704000000, 0x0000000704000000| Untracked 
|  21|0x0000000704200000, 0x0000000704200000, 0x0000000704400000|  0%| F|  |TAMS 0x0000000704200000, 0x0000000704200000| Untracked 
|  22|0x0000000704400000, 0x0000000704400000, 0x0000000704600000|  0%| F|  |TAMS 0x0000000704400000, 0x0000000704400000| Untracked 
|  23|0x0000000704600000, 0x0000000704600000, 0x0000000704800000|  0%| F|  |TAMS 0x0000000704600000, 0x0000000704600000| Untracked 
|  24|0x0000000704800000, 0x0000000704800000, 0x0000000704a00000|  0%| F|  |TAMS 0x0000000704800000, 0x0000000704800000| Untracked 
|  25|0x0000000704a00000, 0x0000000704a00000, 0x0000000704c00000|  0%| F|  |TAMS 0x0000000704a00000, 0x0000000704a00000| Untracked 
|  26|0x0000000704c00000, 0x0000000704c00000, 0x0000000704e00000|  0%| F|  |TAMS 0x0000000704c00000, 0x0000000704c00000| Untracked 
|  27|0x0000000704e00000, 0x0000000704e00000, 0x0000000705000000|  0%| F|  |TAMS 0x0000000704e00000, 0x0000000704e00000| Untracked 
|  28|0x0000000705000000, 0x0000000705000000, 0x0000000705200000|  0%| F|  |TAMS 0x0000000705000000, 0x0000000705000000| Untracked 
|  29|0x0000000705200000, 0x0000000705200000, 0x0000000705400000|  0%| F|  |TAMS 0x0000000705200000, 0x0000000705200000| Untracked 
|  30|0x0000000705400000, 0x0000000705400000, 0x0000000705600000|  0%| F|  |TAMS 0x0000000705400000, 0x0000000705400000| Untracked 
|  31|0x0000000705600000, 0x0000000705600000, 0x0000000705800000|  0%| F|  |TAMS 0x0000000705600000, 0x0000000705600000| Untracked 
|  32|0x0000000705800000, 0x0000000705800000, 0x0000000705a00000|  0%| F|  |TAMS 0x0000000705800000, 0x0000000705800000| Untracked 
|  33|0x0000000705a00000, 0x0000000705a00000, 0x0000000705c00000|  0%| F|  |TAMS 0x0000000705a00000, 0x0000000705a00000| Untracked 
|  34|0x0000000705c00000, 0x0000000705c00000, 0x0000000705e00000|  0%| F|  |TAMS 0x0000000705c00000, 0x0000000705c00000| Untracked 
|  35|0x0000000705e00000, 0x0000000705e00000, 0x0000000706000000|  0%| F|  |TAMS 0x0000000705e00000, 0x0000000705e00000| Untracked 
|  36|0x0000000706000000, 0x0000000706000000, 0x0000000706200000|  0%| F|  |TAMS 0x0000000706000000, 0x0000000706000000| Untracked 
|  37|0x0000000706200000, 0x0000000706200000, 0x0000000706400000|  0%| F|  |TAMS 0x0000000706200000, 0x0000000706200000| Untracked 
|  38|0x0000000706400000, 0x0000000706400000, 0x0000000706600000|  0%| F|  |TAMS 0x0000000706400000, 0x0000000706400000| Untracked 
|  39|0x0000000706600000, 0x0000000706600000, 0x0000000706800000|  0%| F|  |TAMS 0x0000000706600000, 0x0000000706600000| Untracked 
|  40|0x0000000706800000, 0x0000000706800000, 0x0000000706a00000|  0%| F|  |TAMS 0x0000000706800000, 0x0000000706800000| Untracked 
|  41|0x0000000706a00000, 0x0000000706a00000, 0x0000000706c00000|  0%| F|  |TAMS 0x0000000706a00000, 0x0000000706a00000| Untracked 
|  42|0x0000000706c00000, 0x0000000706c00000, 0x0000000706e00000|  0%| F|  |TAMS 0x0000000706c00000, 0x0000000706c00000| Untracked 
|  43|0x0000000706e00000, 0x0000000706e00000, 0x0000000707000000|  0%| F|  |TAMS 0x0000000706e00000, 0x0000000706e00000| Untracked 
|  44|0x0000000707000000, 0x0000000707000000, 0x0000000707200000|  0%| F|  |TAMS 0x0000000707000000, 0x0000000707000000| Untracked 
|  45|0x0000000707200000, 0x0000000707200000, 0x0000000707400000|  0%| F|  |TAMS 0x0000000707200000, 0x0000000707200000| Untracked 
|  46|0x0000000707400000, 0x0000000707400000, 0x0000000707600000|  0%| F|  |TAMS 0x0000000707400000, 0x0000000707400000| Untracked 
|  47|0x0000000707600000, 0x0000000707600000, 0x0000000707800000|  0%| F|  |TAMS 0x0000000707600000, 0x0000000707600000| Untracked 
|  48|0x0000000707800000, 0x0000000707800000, 0x0000000707a00000|  0%| F|  |TAMS 0x0000000707800000, 0x0000000707800000| Untracked 
|  49|0x0000000707a00000, 0x0000000707a00000, 0x0000000707c00000|  0%| F|  |TAMS 0x0000000707a00000, 0x0000000707a00000| Untracked 
|  50|0x0000000707c00000, 0x0000000707c00000, 0x0000000707e00000|  0%| F|  |TAMS 0x0000000707c00000, 0x0000000707c00000| Untracked 
|  51|0x0000000707e00000, 0x0000000707e00000, 0x0000000708000000|  0%| F|  |TAMS 0x0000000707e00000, 0x0000000707e00000| Untracked 
|  52|0x0000000708000000, 0x0000000708000000, 0x0000000708200000|  0%| F|  |TAMS 0x0000000708000000, 0x0000000708000000| Untracked 
|  53|0x0000000708200000, 0x0000000708200000, 0x0000000708400000|  0%| F|  |TAMS 0x0000000708200000, 0x0000000708200000| Untracked 
|  54|0x0000000708400000, 0x0000000708400000, 0x0000000708600000|  0%| F|  |TAMS 0x0000000708400000, 0x0000000708400000| Untracked 
|  55|0x0000000708600000, 0x0000000708600000, 0x0000000708800000|  0%| F|  |TAMS 0x0000000708600000, 0x0000000708600000| Untracked 
|  56|0x0000000708800000, 0x0000000708800000, 0x0000000708a00000|  0%| F|  |TAMS 0x0000000708800000, 0x0000000708800000| Untracked 
|  57|0x0000000708a00000, 0x0000000708a00000, 0x0000000708c00000|  0%| F|  |TAMS 0x0000000708a00000, 0x0000000708a00000| Untracked 
|  58|0x0000000708c00000, 0x0000000708c00000, 0x0000000708e00000|  0%| F|  |TAMS 0x0000000708c00000, 0x0000000708c00000| Untracked 
|  59|0x0000000708e00000, 0x0000000708e00000, 0x0000000709000000|  0%| F|  |TAMS 0x0000000708e00000, 0x0000000708e00000| Untracked 
|  60|0x0000000709000000, 0x0000000709000000, 0x0000000709200000|  0%| F|  |TAMS 0x0000000709000000, 0x0000000709000000| Untracked 
|  61|0x0000000709200000, 0x0000000709200000, 0x0000000709400000|  0%| F|  |TAMS 0x0000000709200000, 0x0000000709200000| Untracked 
|  62|0x0000000709400000, 0x0000000709400000, 0x0000000709600000|  0%| F|  |TAMS 0x0000000709400000, 0x0000000709400000| Untracked 
|  63|0x0000000709600000, 0x0000000709600000, 0x0000000709800000|  0%| F|  |TAMS 0x0000000709600000, 0x0000000709600000| Untracked 
|  64|0x0000000709800000, 0x0000000709800000, 0x0000000709a00000|  0%| F|  |TAMS 0x0000000709800000, 0x0000000709800000| Untracked 
|  65|0x0000000709a00000, 0x0000000709a00000, 0x0000000709c00000|  0%| F|  |TAMS 0x0000000709a00000, 0x0000000709a00000| Untracked 
|  66|0x0000000709c00000, 0x0000000709c00000, 0x0000000709e00000|  0%| F|  |TAMS 0x0000000709c00000, 0x0000000709c00000| Untracked 
|  67|0x0000000709e00000, 0x0000000709e00000, 0x000000070a000000|  0%| F|  |TAMS 0x0000000709e00000, 0x0000000709e00000| Untracked 
|  68|0x000000070a000000, 0x000000070a000000, 0x000000070a200000|  0%| F|  |TAMS 0x000000070a000000, 0x000000070a000000| Untracked 
|  69|0x000000070a200000, 0x000000070a200000, 0x000000070a400000|  0%| F|  |TAMS 0x000000070a200000, 0x000000070a200000| Untracked 
|  70|0x000000070a400000, 0x000000070a400000, 0x000000070a600000|  0%| F|  |TAMS 0x000000070a400000, 0x000000070a400000| Untracked 
|  71|0x000000070a600000, 0x000000070a600000, 0x000000070a800000|  0%| F|  |TAMS 0x000000070a600000, 0x000000070a600000| Untracked 
|  72|0x000000070a800000, 0x000000070a800000, 0x000000070aa00000|  0%| F|  |TAMS 0x000000070a800000, 0x000000070a800000| Untracked 
|  73|0x000000070aa00000, 0x000000070aa00000, 0x000000070ac00000|  0%| F|  |TAMS 0x000000070aa00000, 0x000000070aa00000| Untracked 
|  74|0x000000070ac00000, 0x000000070ac00000, 0x000000070ae00000|  0%| F|  |TAMS 0x000000070ac00000, 0x000000070ac00000| Untracked 
|  75|0x000000070ae00000, 0x000000070ae00000, 0x000000070b000000|  0%| F|  |TAMS 0x000000070ae00000, 0x000000070ae00000| Untracked 
|  76|0x000000070b000000, 0x000000070b000000, 0x000000070b200000|  0%| F|  |TAMS 0x000000070b000000, 0x000000070b000000| Untracked 
|  77|0x000000070b200000, 0x000000070b200000, 0x000000070b400000|  0%| F|  |TAMS 0x000000070b200000, 0x000000070b200000| Untracked 
|  78|0x000000070b400000, 0x000000070b400000, 0x000000070b600000|  0%| F|  |TAMS 0x000000070b400000, 0x000000070b400000| Untracked 
|  79|0x000000070b600000, 0x000000070b600000, 0x000000070b800000|  0%| F|  |TAMS 0x000000070b600000, 0x000000070b600000| Untracked 
|  80|0x000000070b800000, 0x000000070b800000, 0x000000070ba00000|  0%| F|  |TAMS 0x000000070b800000, 0x000000070b800000| Untracked 
|  81|0x000000070ba00000, 0x000000070ba00000, 0x000000070bc00000|  0%| F|  |TAMS 0x000000070ba00000, 0x000000070ba00000| Untracked 
|  82|0x000000070bc00000, 0x000000070bc00000, 0x000000070be00000|  0%| F|  |TAMS 0x000000070bc00000, 0x000000070bc00000| Untracked 
|  83|0x000000070be00000, 0x000000070be00000, 0x000000070c000000|  0%| F|  |TAMS 0x000000070be00000, 0x000000070be00000| Untracked 
|  84|0x000000070c000000, 0x000000070c000000, 0x000000070c200000|  0%| F|  |TAMS 0x000000070c000000, 0x000000070c000000| Untracked 
|  85|0x000000070c200000, 0x000000070c200000, 0x000000070c400000|  0%| F|  |TAMS 0x000000070c200000, 0x000000070c200000| Untracked 
|  86|0x000000070c400000, 0x000000070c400000, 0x000000070c600000|  0%| F|  |TAMS 0x000000070c400000, 0x000000070c400000| Untracked 
|  87|0x000000070c600000, 0x000000070c600000, 0x000000070c800000|  0%| F|  |TAMS 0x000000070c600000, 0x000000070c600000| Untracked 
|  88|0x000000070c800000, 0x000000070c800000, 0x000000070ca00000|  0%| F|  |TAMS 0x000000070c800000, 0x000000070c800000| Untracked 
|  89|0x000000070ca00000, 0x000000070ca00000, 0x000000070cc00000|  0%| F|  |TAMS 0x000000070ca00000, 0x000000070ca00000| Untracked 
|  90|0x000000070cc00000, 0x000000070cc00000, 0x000000070ce00000|  0%| F|  |TAMS 0x000000070cc00000, 0x000000070cc00000| Untracked 
|  91|0x000000070ce00000, 0x000000070ce00000, 0x000000070d000000|  0%| F|  |TAMS 0x000000070ce00000, 0x000000070ce00000| Untracked 
|  92|0x000000070d000000, 0x000000070d000000, 0x000000070d200000|  0%| F|  |TAMS 0x000000070d000000, 0x000000070d000000| Untracked 
|  93|0x000000070d200000, 0x000000070d200000, 0x000000070d400000|  0%| F|  |TAMS 0x000000070d200000, 0x000000070d200000| Untracked 
|  94|0x000000070d400000, 0x000000070d400000, 0x000000070d600000|  0%| F|  |TAMS 0x000000070d400000, 0x000000070d400000| Untracked 
|  95|0x000000070d600000, 0x000000070d600000, 0x000000070d800000|  0%| F|  |TAMS 0x000000070d600000, 0x000000070d600000| Untracked 
|  96|0x000000070d800000, 0x000000070d800000, 0x000000070da00000|  0%| F|  |TAMS 0x000000070d800000, 0x000000070d800000| Untracked 
|  97|0x000000070da00000, 0x000000070da00000, 0x000000070dc00000|  0%| F|  |TAMS 0x000000070da00000, 0x000000070da00000| Untracked 
|  98|0x000000070dc00000, 0x000000070dc00000, 0x000000070de00000|  0%| F|  |TAMS 0x000000070dc00000, 0x000000070dc00000| Untracked 
|  99|0x000000070de00000, 0x000000070de00000, 0x000000070e000000|  0%| F|  |TAMS 0x000000070de00000, 0x000000070de00000| Untracked 
| 100|0x000000070e000000, 0x000000070e000000, 0x000000070e200000|  0%| F|  |TAMS 0x000000070e000000, 0x000000070e000000| Untracked 
| 101|0x000000070e200000, 0x000000070e200000, 0x000000070e400000|  0%| F|  |TAMS 0x000000070e200000, 0x000000070e200000| Untracked 
| 102|0x000000070e400000, 0x000000070e400000, 0x000000070e600000|  0%| F|  |TAMS 0x000000070e400000, 0x000000070e400000| Untracked 
| 103|0x000000070e600000, 0x000000070e600000, 0x000000070e800000|  0%| F|  |TAMS 0x000000070e600000, 0x000000070e600000| Untracked 
| 104|0x000000070e800000, 0x000000070e800000, 0x000000070ea00000|  0%| F|  |TAMS 0x000000070e800000, 0x000000070e800000| Untracked 
| 105|0x000000070ea00000, 0x000000070ea00000, 0x000000070ec00000|  0%| F|  |TAMS 0x000000070ea00000, 0x000000070ea00000| Untracked 
| 106|0x000000070ec00000, 0x000000070ec00000, 0x000000070ee00000|  0%| F|  |TAMS 0x000000070ec00000, 0x000000070ec00000| Untracked 
| 107|0x000000070ee00000, 0x000000070ee00000, 0x000000070f000000|  0%| F|  |TAMS 0x000000070ee00000, 0x000000070ee00000| Untracked 
| 108|0x000000070f000000, 0x000000070f000000, 0x000000070f200000|  0%| F|  |TAMS 0x000000070f000000, 0x000000070f000000| Untracked 
| 109|0x000000070f200000, 0x000000070f200000, 0x000000070f400000|  0%| F|  |TAMS 0x000000070f200000, 0x000000070f200000| Untracked 
| 110|0x000000070f400000, 0x000000070f400000, 0x000000070f600000|  0%| F|  |TAMS 0x000000070f400000, 0x000000070f400000| Untracked 
| 111|0x000000070f600000, 0x000000070f600000, 0x000000070f800000|  0%| F|  |TAMS 0x000000070f600000, 0x000000070f600000| Untracked 
| 112|0x000000070f800000, 0x000000070f800000, 0x000000070fa00000|  0%| F|  |TAMS 0x000000070f800000, 0x000000070f800000| Untracked 
| 113|0x000000070fa00000, 0x000000070fa00000, 0x000000070fc00000|  0%| F|  |TAMS 0x000000070fa00000, 0x000000070fa00000| Untracked 
| 114|0x000000070fc00000, 0x000000070fc00000, 0x000000070fe00000|  0%| F|  |TAMS 0x000000070fc00000, 0x000000070fc00000| Untracked 
| 115|0x000000070fe00000, 0x000000070ff70a70, 0x0000000710000000| 72%| S|  |TAMS 0x000000070fe00000, 0x000000070fe00000| Complete 
| 116|0x0000000710000000, 0x0000000710200000, 0x0000000710200000|100%| S|  |TAMS 0x0000000710000000, 0x0000000710000000| Complete 
| 117|0x0000000710200000, 0x0000000710400000, 0x0000000710400000|100%| E|CS|TAMS 0x0000000710200000, 0x0000000710200000| Complete 
| 118|0x0000000710400000, 0x0000000710600000, 0x0000000710600000|100%| E|CS|TAMS 0x0000000710400000, 0x0000000710400000| Complete 
| 119|0x0000000710600000, 0x0000000710800000, 0x0000000710800000|100%| E|CS|TAMS 0x0000000710600000, 0x0000000710600000| Complete 
| 120|0x0000000710800000, 0x0000000710a00000, 0x0000000710a00000|100%| E|CS|TAMS 0x0000000710800000, 0x0000000710800000| Complete 
| 121|0x0000000710a00000, 0x0000000710c00000, 0x0000000710c00000|100%| E|CS|TAMS 0x0000000710a00000, 0x0000000710a00000| Complete 
| 122|0x0000000710c00000, 0x0000000710e00000, 0x0000000710e00000|100%| E|CS|TAMS 0x0000000710c00000, 0x0000000710c00000| Complete 
| 123|0x0000000710e00000, 0x0000000711000000, 0x0000000711000000|100%| E|CS|TAMS 0x0000000710e00000, 0x0000000710e00000| Complete 
| 124|0x0000000711000000, 0x0000000711200000, 0x0000000711200000|100%| E|CS|TAMS 0x0000000711000000, 0x0000000711000000| Complete 
| 125|0x0000000711200000, 0x0000000711400000, 0x0000000711400000|100%| E|CS|TAMS 0x0000000711200000, 0x0000000711200000| Complete 
| 126|0x0000000711400000, 0x0000000711600000, 0x0000000711600000|100%| E|CS|TAMS 0x0000000711400000, 0x0000000711400000| Complete 
| 127|0x0000000711600000, 0x0000000711800000, 0x0000000711800000|100%| E|CS|TAMS 0x0000000711600000, 0x0000000711600000| Complete 

Card table byte_map: [0x0000018ed6a80000,0x0000018ed7280000] _byte_map_base: 0x0000018ed3274000

Marking Bits (Prev, Next): (CMBitMap*) 0x0000018ebf78ce60, (CMBitMap*) 0x0000018ebf78cea0
 Prev Bits: [0x0000018ed7a80000, 0x0000018edba20000)
 Next Bits: [0x0000018edba20000, 0x0000018edf9c0000)

Polling page: 0x0000018ebd8b0000

Metaspace:

Usage:
  Non-class:      4.14 MB used.
      Class:    562.03 KB used.
       Both:      4.68 MB used.

Virtual space:
  Non-class space:        8.00 MB reserved,       4.19 MB ( 52%) committed,  1 nodes.
      Class space:        1.00 GB reserved,     640.00 KB ( <1%) committed,  1 nodes.
             Both:        1.01 GB reserved,       4.81 MB ( <1%) committed. 

Chunk freelists:
   Non-Class:  1.41 MB
       Class:  3.33 MB
        Both:  4.73 MB

MaxMetaspaceSize: unlimited
CompressedClassSpaceSize: 1.00 GB
Initial GC threshold: 21.00 MB
Current GC threshold: 21.00 MB
CDS: on
MetaspaceReclaimPolicy: balanced
 - commit_granule_bytes: 65536.
 - commit_granule_words: 8192.
 - virtual_space_node_default_size: 1048576.
 - enlarge_chunks_in_place: 1.
 - new_chunks_are_fully_committed: 0.
 - uncommit_free_chunks: 1.
 - use_allocation_guard: 0.
 - handle_deallocations: 1.


Internal statistics:

num_allocs_failed_limit: 0.
num_arena_births: 14.
num_arena_deaths: 0.
num_vsnodes_births: 2.
num_vsnodes_deaths: 0.
num_space_committed: 77.
num_space_uncommitted: 0.
num_chunks_returned_to_freelist: 0.
num_chunks_taken_from_freelist: 144.
num_chunk_merges: 0.
num_chunk_splits: 105.
num_chunks_enlarged: 95.
num_purges: 0.
num_inconsistent_stats: 0.

CodeHeap 'non-profiled nmethods': size=120000Kb used=328Kb max_used=328Kb free=119671Kb
 bounds [0x0000018ecea20000, 0x0000018ecec90000, 0x0000018ed5f50000]
CodeHeap 'profiled nmethods': size=120000Kb used=1995Kb max_used=1995Kb free=118004Kb
 bounds [0x0000018ec74f0000, 0x0000018ec7760000, 0x0000018ecea20000]
CodeHeap 'non-nmethods': size=5760Kb used=1170Kb max_used=1170Kb free=4590Kb
 bounds [0x0000018ec6f50000, 0x0000018ec71c0000, 0x0000018ec74f0000]
 total_blobs=1379 nmethods=944 adapters=347
 compilation: enabled
              stopped_count=0, restarted_count=0
 full_count=0

Compilation events (20 events):
Event: 0.697 Thread 0x0000018ee2422130  945       3       java.io.InputStreamReader::read (11 bytes)
Event: 0.697 Thread 0x0000018ee2422130 nmethod 945 0x0000018ec76db710 code [0x0000018ec76db8c0, 0x0000018ec76dba08]
Event: 0.713 Thread 0x0000018ee3955a60 nmethod 942 0x0000018ecea6e790 code [0x0000018ecea6ea00, 0x0000018ecea6f448]
Event: 0.713 Thread 0x0000018ee3955a60  946       4       java.io.InputStreamReader::read (11 bytes)
Event: 0.718 Thread 0x0000018ee2421a80 nmethod 944 0x0000018ecea70010 code [0x0000018ecea70260, 0x0000018ecea70dc8]
Event: 0.718 Thread 0x0000018ee2421a80  940   !   4       java.nio.charset.CharsetDecoder::decode (275 bytes)
Event: 0.720 Thread 0x0000018ee2422130  947 %     3       org.codehaus.plexus.util.InterpolationFilterReader::read @ 3 (48 bytes)
Event: 0.720 Thread 0x0000018ee2422130 nmethod 947% 0x0000018ec76dbb10 code [0x0000018ec76dbce0, 0x0000018ec76dc0a8]
Event: 0.720 Thread 0x0000018ee2422130  948       3       org.codehaus.plexus.util.InterpolationFilterReader::read (48 bytes)
Event: 0.721 Thread 0x0000018ee2422130 nmethod 948 0x0000018ec76dc210 code [0x0000018ec76dc3e0, 0x0000018ec76dc708]
Event: 0.724 Thread 0x0000018ee2422130  949       3       org.codehaus.plexus.util.xml.pull.MXParser::require (443 bytes)
Event: 0.726 Thread 0x0000018ee2421a80 nmethod 940 0x0000018ecea71810 code [0x0000018ecea71a20, 0x0000018ecea71e90]
Event: 0.726 Thread 0x0000018ee2421a80  941   !   4       sun.nio.cs.StreamDecoder::read0 (116 bytes)
Event: 0.728 Thread 0x0000018ee2422130 nmethod 949 0x0000018ec76dc890 code [0x0000018ec76dd120, 0x0000018ec76e0c18]
Event: 0.728 Thread 0x0000018ee2422130  950       3       java.util.Collections::emptyMap (4 bytes)
Event: 0.728 Thread 0x0000018ee2422130 nmethod 950 0x0000018ec76e1f90 code [0x0000018ec76e2120, 0x0000018ec76e2218]
Event: 0.735 Thread 0x0000018ee2422130  951       3       org.eclipse.sisu.space.URLClassSpace::deferLoadClass (10 bytes)
Event: 0.736 Thread 0x0000018ee2422130 nmethod 951 0x0000018ec76e2290 code [0x0000018ec76e2440, 0x0000018ec76e2798]
Event: 0.736 Thread 0x0000018ee2422130  952       3       org.eclipse.sisu.space.NamedClass::<init> (15 bytes)
Event: 0.736 Thread 0x0000018ee2422130 nmethod 952 0x0000018ec76e2910 code [0x0000018ec76e2ac0, 0x0000018ec76e2d58]

GC Heap History (1 events):
Event: 0.737 GC heap before
{Heap before GC invocations=0 (full 0):
 garbage-first heap   total 262144K, used 22528K [0x0000000701800000, 0x0000000800000000)
  region size 2048K, 11 young (22528K), 0 survivors (0K)
 Metaspace       used 4796K, committed 4928K, reserved 1056768K
  class space    used 562K, committed 640K, reserved 1048576K
}

Deoptimization events (20 events):
Event: 0.621 Thread 0x0000018ebf73cd60 Uncommon trap: trap_request=0xffffff45 fr.pc=0x0000018ecea3d630 relative=0x00000000000000b0
Event: 0.621 Thread 0x0000018ebf73cd60 Uncommon trap: reason=unstable_if action=reinterpret pc=0x0000018ecea3d630 method=org.codehaus.plexus.util.xml.pull.MXParser.more()C @ 8 c2
Event: 0.621 Thread 0x0000018ebf73cd60 DEOPT PACKING pc=0x0000018ecea3d630 sp=0x0000004a71ffdf70
Event: 0.621 Thread 0x0000018ebf73cd60 DEOPT UNPACKING pc=0x0000018ec6fa23a3 sp=0x0000004a71ffdf00 mode 2
Event: 0.667 Thread 0x0000018ebf73cd60 Uncommon trap: trap_request=0xffffff45 fr.pc=0x0000018ecea626e0 relative=0x00000000000013e0
Event: 0.667 Thread 0x0000018ebf73cd60 Uncommon trap: reason=unstable_if action=reinterpret pc=0x0000018ecea626e0 method=java.nio.charset.CoderResult.isOverflow()Z @ 5 c2
Event: 0.667 Thread 0x0000018ebf73cd60 DEOPT PACKING pc=0x0000018ecea626e0 sp=0x0000004a71ffdad0
Event: 0.667 Thread 0x0000018ebf73cd60 DEOPT UNPACKING pc=0x0000018ec6fa23a3 sp=0x0000004a71ffd7d0 mode 2
Event: 0.675 Thread 0x0000018ebf73cd60 Uncommon trap: trap_request=0xffffff45 fr.pc=0x0000018ecea65e38 relative=0x00000000000001f8
Event: 0.675 Thread 0x0000018ebf73cd60 Uncommon trap: reason=unstable_if action=reinterpret pc=0x0000018ecea65e38 method=java.io.Reader.read()I @ 12 c2
Event: 0.675 Thread 0x0000018ebf73cd60 DEOPT PACKING pc=0x0000018ecea65e38 sp=0x0000004a71ffdd20
Event: 0.675 Thread 0x0000018ebf73cd60 DEOPT UNPACKING pc=0x0000018ec6fa23a3 sp=0x0000004a71ffdc30 mode 2
Event: 0.681 Thread 0x0000018ebf73cd60 Uncommon trap: trap_request=0xffffffde fr.pc=0x0000018ecea66e48 relative=0x00000000000001a8
Event: 0.681 Thread 0x0000018ebf73cd60 Uncommon trap: reason=class_check action=maybe_recompile pc=0x0000018ecea66e48 method=java.nio.Buffer.<init>(IIIILjdk/internal/access/foreign/MemorySegmentProxy;)V @ 39 c2
Event: 0.681 Thread 0x0000018ebf73cd60 DEOPT PACKING pc=0x0000018ecea66e48 sp=0x0000004a71ffdab0
Event: 0.681 Thread 0x0000018ebf73cd60 DEOPT UNPACKING pc=0x0000018ec6fa23a3 sp=0x0000004a71ffda88 mode 2
Event: 0.697 Thread 0x0000018ebf73cd60 Uncommon trap: trap_request=0xffffff45 fr.pc=0x0000018ecea6b260 relative=0x0000000000001c60
Event: 0.697 Thread 0x0000018ebf73cd60 Uncommon trap: reason=unstable_if action=reinterpret pc=0x0000018ecea6b260 method=sun.nio.cs.StreamDecoder.implRead([CII)I @ 71 c2
Event: 0.697 Thread 0x0000018ebf73cd60 DEOPT PACKING pc=0x0000018ecea6b260 sp=0x0000004a71ffdd20
Event: 0.697 Thread 0x0000018ebf73cd60 DEOPT UNPACKING pc=0x0000018ec6fa23a3 sp=0x0000004a71ffdab0 mode 2

Classes unloaded (0 events):
No events

Classes redefined (0 events):
No events

Internal exceptions (11 events):
Event: 0.178 Thread 0x0000018ebf73cd60 Exception <a 'java/lang/NullPointerException'{0x0000000711225f30}> (0x0000000711225f30) 
thrown [t:\workspace\open\src\hotspot\share\interpreter\linkResolver.cpp, line 1357]
Event: 0.195 Thread 0x0000018ebf73cd60 Exception <a 'java/lang/NullPointerException'{0x00000007112592b0}> (0x00000007112592b0) 
thrown [t:\workspace\open\src\hotspot\share\interpreter\linkResolver.cpp, line 1357]
Event: 0.195 Thread 0x0000018ebf73cd60 Exception <a 'java/lang/NullPointerException'{0x0000000711259588}> (0x0000000711259588) 
thrown [t:\workspace\open\src\hotspot\share\interpreter\linkResolver.cpp, line 1357]
Event: 0.195 Thread 0x0000018ebf73cd60 Exception <a 'java/lang/NullPointerException'{0x0000000711259860}> (0x0000000711259860) 
thrown [t:\workspace\open\src\hotspot\share\interpreter\linkResolver.cpp, line 1357]
Event: 0.196 Thread 0x0000018ebf73cd60 Exception <a 'java/lang/NullPointerException'{0x000000071125ee28}> (0x000000071125ee28) 
thrown [t:\workspace\open\src\hotspot\share\interpreter\linkResolver.cpp, line 1357]
Event: 0.198 Thread 0x0000018ebf73cd60 Exception <a 'java/lang/NullPointerException'{0x0000000711273ed8}> (0x0000000711273ed8) 
thrown [t:\workspace\open\src\hotspot\share\interpreter\linkResolver.cpp, line 1357]
Event: 0.198 Thread 0x0000018ebf73cd60 Exception <a 'java/lang/NullPointerException'{0x00000007112741b0}> (0x00000007112741b0) 
thrown [t:\workspace\open\src\hotspot\share\interpreter\linkResolver.cpp, line 1357]
Event: 0.198 Thread 0x0000018ebf73cd60 Exception <a 'java/lang/NullPointerException'{0x0000000711274488}> (0x0000000711274488) 
thrown [t:\workspace\open\src\hotspot\share\interpreter\linkResolver.cpp, line 1357]
Event: 0.198 Thread 0x0000018ebf73cd60 Exception <a 'java/lang/NullPointerException'{0x0000000711274760}> (0x0000000711274760) 
thrown [t:\workspace\open\src\hotspot\share\interpreter\linkResolver.cpp, line 1357]
Event: 0.568 Thread 0x0000018ebf73cd60 Exception <a 'java/lang/NoSuchMethodError'{0x000000071086ab18}: 'java.lang.Object java.lang.invoke.DirectMethodHandle$Holder.newInvokeSpecial(java.lang.Object, java.lang.Object, java.lang.Object, java.lang.Object, java.lang.Object)'> (0x000000071086ab18) 
thrown [t:\workspace\open\src\hotspot\share\interpreter\linkResolver.cpp, line 766]
Event: 0.616 Thread 0x0000018ebf73cd60 Exception <a 'java/lang/NoClassDefFoundError'{0x00000007109c9bb0}: javax/enterprise/inject/Typed> (0x00000007109c9bb0) 
thrown [t:\workspace\open\src\hotspot\share\classfile\systemDictionary.cpp, line 245]

VM Operations (9 events):
Event: 0.082 Executing VM operation: HandshakeAllThreads
Event: 0.082 Executing VM operation: HandshakeAllThreads done
Event: 0.176 Executing VM operation: HandshakeAllThreads
Event: 0.176 Executing VM operation: HandshakeAllThreads done
Event: 0.185 Executing VM operation: HandshakeAllThreads
Event: 0.185 Executing VM operation: HandshakeAllThreads done
Event: 0.306 Executing VM operation: HandshakeAllThreads
Event: 0.306 Executing VM operation: HandshakeAllThreads done
Event: 0.737 Executing VM operation: G1CollectForAllocation

Events (20 events):
Event: 0.601 loading class sun/reflect/generics/repository/AbstractRepository done
Event: 0.601 loading class sun/reflect/generics/repository/GenericDeclRepository done
Event: 0.601 loading class sun/reflect/generics/repository/ClassRepository done
Event: 0.602 loading class sun/reflect/generics/tree/FormalTypeParameter
Event: 0.602 loading class sun/reflect/generics/tree/FormalTypeParameter done
Event: 0.602 loading class sun/reflect/generics/tree/ClassSignature
Event: 0.602 loading class sun/reflect/generics/tree/Signature
Event: 0.602 loading class sun/reflect/generics/tree/Signature done
Event: 0.602 loading class sun/reflect/generics/tree/ClassSignature done
Event: 0.602 loading class java/lang/reflect/TypeVariable
Event: 0.602 loading class java/lang/reflect/TypeVariable done
Event: 0.602 loading class java/lang/reflect/WildcardType
Event: 0.602 loading class java/lang/reflect/WildcardType done
Event: 0.604 loading class sun/reflect/generics/tree/TypeVariableSignature
Event: 0.604 loading class sun/reflect/generics/tree/TypeVariableSignature done
Event: 0.616 loading class java/lang/annotation/IncompleteAnnotationException
Event: 0.616 loading class java/lang/annotation/IncompleteAnnotationException done
Event: 0.662 Thread 0x0000018ee3955a60 Thread added: 0x0000018ee3955a60
Event: 0.667 loading class jdk/internal/access/foreign/MemorySegmentProxy
Event: 0.668 loading class jdk/internal/access/foreign/MemorySegmentProxy done


Dynamic libraries:
0x00007ff6f2a20000 - 0x00007ff6f2a30000 	R:\Work\JDK\bin\java.exe
0x00007ff9d0030000 - 0x00007ff9d0225000 	C:\WINDOWS\SYSTEM32\ntdll.dll
0x00007ff9cf060000 - 0x00007ff9cf11e000 	C:\WINDOWS\System32\KERNEL32.DLL
0x00007ff9cddb0000 - 0x00007ff9ce078000 	C:\WINDOWS\System32\KERNELBASE.dll
0x00007ff9cdc60000 - 0x00007ff9cdd60000 	C:\WINDOWS\System32\ucrtbase.dll
0x00007ff9c5ea0000 - 0x00007ff9c5eba000 	R:\Work\JDK\bin\VCRUNTIME140.dll
0x00007ff9bcb00000 - 0x00007ff9bcb18000 	R:\Work\JDK\bin\jli.dll
0x00007ff9cfaf0000 - 0x00007ff9cfb9c000 	C:\WINDOWS\System32\ADVAPI32.dll
0x00007ff9cf310000 - 0x00007ff9cf3ae000 	C:\WINDOWS\System32\msvcrt.dll
0x00007ff9ce440000 - 0x00007ff9ce4db000 	C:\WINDOWS\System32\sechost.dll
0x00007ff9ce5b0000 - 0x00007ff9ce6da000 	C:\WINDOWS\System32\RPCRT4.dll
0x00007ff9cf160000 - 0x00007ff9cf301000 	C:\WINDOWS\System32\USER32.dll
0x00007ff9c0270000 - 0x00007ff9c050a000 	C:\WINDOWS\WinSxS\amd64_microsoft.windows.common-controls_6595b64144ccf1df_6.0.19041.1110_none_60b5254171f9507e\COMCTL32.dll
0x00007ff9cd970000 - 0x00007ff9cd992000 	C:\WINDOWS\System32\win32u.dll
0x00007ff9ce580000 - 0x00007ff9ce5ab000 	C:\WINDOWS\System32\GDI32.dll
0x00007ff9cd750000 - 0x00007ff9cd85b000 	C:\WINDOWS\System32\gdi32full.dll
0x00007ff9cd9d0000 - 0x00007ff9cda6d000 	C:\WINDOWS\System32\msvcp_win.dll
0x00007ff9c4f50000 - 0x00007ff9c4f5a000 	C:\WINDOWS\SYSTEM32\VERSION.dll
0x00007ff9cf130000 - 0x00007ff9cf160000 	C:\WINDOWS\System32\IMM32.DLL
0x00007ff9c5f60000 - 0x00007ff9c5f6c000 	R:\Work\JDK\bin\vcruntime140_1.dll
0x00007ff9984d0000 - 0x00007ff99855d000 	R:\Work\JDK\bin\msvcp140.dll
0x00007ff981490000 - 0x00007ff98204e000 	R:\Work\JDK\bin\server\jvm.dll
0x00007ff9cffe0000 - 0x00007ff9cffe8000 	C:\WINDOWS\System32\PSAPI.DLL
0x00007ff9bbb40000 - 0x00007ff9bbb49000 	C:\WINDOWS\SYSTEM32\WSOCK32.dll
0x00007ff9cfdb0000 - 0x00007ff9cfe1b000 	C:\WINDOWS\System32\WS2_32.dll
0x00007ff9bffc0000 - 0x00007ff9bffe7000 	C:\WINDOWS\SYSTEM32\WINMM.dll
0x00007ff9cb670000 - 0x00007ff9cb682000 	C:\WINDOWS\SYSTEM32\kernel.appcore.dll
0x00007ff9c46c0000 - 0x00007ff9c46ca000 	R:\Work\JDK\bin\jimage.dll
0x00007ff9c81e0000 - 0x00007ff9c83c4000 	C:\WINDOWS\SYSTEM32\DBGHELP.DLL
0x00007ff9c7ac0000 - 0x00007ff9c7aec000 	C:\WINDOWS\SYSTEM32\dbgcore.DLL
0x00007ff9cda70000 - 0x00007ff9cdaf3000 	C:\WINDOWS\System32\bcryptPrimitives.dll
0x00007ff9b1c50000 - 0x00007ff9b1c75000 	R:\Work\JDK\bin\java.dll
0x00007ff98ff60000 - 0x00007ff990036000 	R:\Work\JDK\bin\svml.dll
0x00007ff9cf3b0000 - 0x00007ff9cfaef000 	C:\WINDOWS\System32\SHELL32.dll
0x00007ff9cb870000 - 0x00007ff9cc000000 	C:\WINDOWS\SYSTEM32\windows.storage.dll
0x00007ff9ce0e0000 - 0x00007ff9ce435000 	C:\WINDOWS\System32\combase.dll
0x00007ff9cd1a0000 - 0x00007ff9cd1ce000 	C:\WINDOWS\SYSTEM32\Wldp.dll
0x00007ff9cfe80000 - 0x00007ff9cff2d000 	C:\WINDOWS\System32\SHCORE.dll
0x00007ff9cfe20000 - 0x00007ff9cfe75000 	C:\WINDOWS\System32\shlwapi.dll
0x00007ff9cd690000 - 0x00007ff9cd6af000 	C:\WINDOWS\SYSTEM32\profapi.dll
0x00007ff9bca20000 - 0x00007ff9bca39000 	R:\Work\JDK\bin\net.dll
0x00007ff9c63c0000 - 0x00007ff9c64cc000 	C:\WINDOWS\SYSTEM32\WINHTTP.dll
0x00007ff9ccf00000 - 0x00007ff9ccf6a000 	C:\WINDOWS\system32\mswsock.dll
0x00007ff9bc950000 - 0x00007ff9bc965000 	R:\Work\JDK\bin\nio.dll
0x00007ff9bc7d0000 - 0x00007ff9bc7e8000 	R:\Work\JDK\bin\zip.dll
0x0000000069ac0000 - 0x0000000069ae4000 	R:\Work\apache-maven-3.8.4\lib\jansi-native\Windows\x86_64\jansi.dll
0x00007ff9c0050000 - 0x00007ff9c0060000 	R:\Work\JDK\bin\verify.dll

dbghelp: loaded successfully - version: 4.0.5 - missing functions: none
symbol engine: initialized successfully - sym options: 0x614 - pdb path: .;R:\Work\JDK\bin;C:\WINDOWS\SYSTEM32;C:\WINDOWS\WinSxS\amd64_microsoft.windows.common-controls_6595b64144ccf1df_6.0.19041.1110_none_60b5254171f9507e;R:\Work\JDK\bin\server;R:\Work\apache-maven-3.8.4\lib\jansi-native\Windows\x86_64

VM Arguments:
jvm_args: -Dclassworlds.conf=R:\Work\apache-maven-3.8.4\bin\m2.conf -Dmaven.home=R:\Work\apache-maven-3.8.4 -Dlibrary.jansi.path=R:\Work\apache-maven-3.8.4\lib\jansi-native -Dmaven.multiModuleProjectDirectory=R:\SovzachitaTEST 
java_command: org.codehaus.plexus.classworlds.launcher.Launcher clean test
java_class_path (initial): R:\Work\apache-maven-3.8.4\boot\plexus-classworlds-2.6.0.jar
Launcher Type: SUN_STANDARD

[Global flags]
     intx CICompilerCount                          = 4                                         {product} {ergonomic}
     uint ConcGCThreads                            = 2                                         {product} {ergonomic}
     uint G1ConcRefinementThreads                  = 8                                         {product} {ergonomic}
   size_t G1HeapRegionSize                         = 2097152                                   {product} {ergonomic}
    uintx GCDrainStackTargetSize                   = 64                                        {product} {ergonomic}
   size_t InitialHeapSize                          = 268435456                                 {product} {ergonomic}
   size_t MarkStackSize                            = 4194304                                   {product} {ergonomic}
   size_t MaxHeapSize                              = 4269801472                                {product} {ergonomic}
   size_t MaxNewSize                               = 2560622592                                {product} {ergonomic}
   size_t MinHeapDeltaBytes                        = 2097152                                   {product} {ergonomic}
   size_t MinHeapSize                              = 8388608                                   {product} {ergonomic}
    uintx NonNMethodCodeHeapSize                   = 5839372                                {pd product} {ergonomic}
    uintx NonProfiledCodeHeapSize                  = 122909434                              {pd product} {ergonomic}
    uintx ProfiledCodeHeapSize                     = 122909434                              {pd product} {ergonomic}
    uintx ReservedCodeCacheSize                    = 251658240                              {pd product} {ergonomic}
     bool SegmentedCodeCache                       = true                                      {product} {ergonomic}
   size_t SoftMaxHeapSize                          = 4269801472                             {manageable} {ergonomic}
     bool UseCompressedClassPointers               = true                           {product lp64_product} {ergonomic}
     bool UseCompressedOops                        = true                           {product lp64_product} {ergonomic}
     bool UseG1GC                                  = true                                      {product} {ergonomic}
     bool UseLargePagesIndividualAllocation        = false                                  {pd product} {ergonomic}

Logging:
Log output configuration:
 #0: stdout all=warning uptime,level,tags
 #1: stderr all=off uptime,level,tags

Environment Variables:
JAVA_HOME=R:\Work\JDK
PATH=C:\Program Files\Common Files\Oracle\Java\javapath;C:\Windows\system32;C:\Windows;C:\Windows\System32\Wbem;C:\Windows\System32\WindowsPowerShell\v1.0\;C:\Program Files\NVIDIA Corporation\NVIDIA NvDLISR;C:\Program Files (x86)\NVIDIA Corporation\PhysX\Common;C:\WINDOWS\system32;C:\WINDOWS;C:\WINDOWS\System32\Wbem;C:\WINDOWS\System32\WindowsPowerShell\v1.0\;C:\WINDOWS\System32\OpenSSH\;R:\Work\JDK\bin;R:\Work\apache-maven-3.8.4\bin;R:\Work\NodeJS\;D:\Work\Git\cmd;C:\Program Files\dotnet\;C:\Users\Evy\AppData\Local\Microsoft\WindowsApps;R:\Work\IntelliJ IDEA Community Edition 2020.2.1\bin;;C:\Users\Evy\AppData\Roaming\npm;R:\Work\allure-2.9.0\bin;
USERNAME=Evy
OS=Windows_NT
PROCESSOR_IDENTIFIER=AMD64 Family 21 Model 2 Stepping 0, AuthenticAMD



---------------  S Y S T E M  ---------------

OS:
 Windows 10 , 64 bit Build 19041 (10.0.19041.1348)
OS uptime: 10 days 11:02 hours

CPU: total 8 (initial active 8) (8 cores per cpu, 1 threads per core) family 21 model 2 stepping 0 microcode 0x0, cx8, cmov, fxsr, mmx, 3dnowpref, sse, sse2, sse3, ssse3, sse4a, sse4.1, sse4.2, popcnt, lzcnt, tsc, tscinvbit, avx, aes, clmul, bmi1, fma, vzeroupper, clflush

Memory: 4k page, system-wide physical 16283M (3367M free)
TotalPageFile size 25248M (AvailPageFile size 3892M)
current process WorkingSet (physical memory assigned to process): 78M, peak: 78M
current process commit charge ("private bytes"): 361M, peak: 361M

vm_info: Java HotSpot(TM) 64-Bit Server VM (17.0.1+12-LTS-39) for windows-amd64 JRE (17.0.1+12-LTS-39), built on Sep 27 2021 18:41:35 by "mach5one" with MS VC++ 16.8 (VS2019)

END.
